<?xml version="1.0" encoding="UTF-8"?>
<testng-results skipped="0" failed="2" ignored="0" total="10" passed="8">
  <reporter-output>
  </reporter-output>
  <suite name="Default suite" duration-ms="489596" started-at="2018-06-25T11:40:10Z" finished-at="2018-06-25T11:48:19Z">
    <groups>
    </groups>
    <test name="Default test" duration-ms="489596" started-at="2018-06-25T11:40:10Z" finished-at="2018-06-25T11:48:19Z">
      <class name="Scripts.AddProducttoCart">
        <test-method status="PASS" signature="openApp()[pri:0, instance:Scripts.AddProducttoCart@3dfc5fb8]" name="openApp" is-config="true" duration-ms="16221" started-at="2018-06-25T11:40:10Z" finished-at="2018-06-25T11:40:26Z">
          <reporter-output>
          </reporter-output>
        </test-method> <!-- openApp -->
        <test-method status="PASS" signature="testingScript()[pri:0, instance:Scripts.AddProducttoCart@3dfc5fb8]" name="testingScript" duration-ms="36943" started-at="2018-06-25T11:40:26Z" finished-at="2018-06-25T11:41:03Z">
          <reporter-output>
          </reporter-output>
        </test-method> <!-- testingScript -->
        <test-method status="PASS" signature="closeApp()[pri:0, instance:Scripts.AddProducttoCart@3dfc5fb8]" name="closeApp" is-config="true" duration-ms="2121" started-at="2018-06-25T11:41:03Z" finished-at="2018-06-25T11:41:05Z">
          <reporter-output>
          </reporter-output>
        </test-method> <!-- closeApp -->
      </class> <!-- Scripts.AddProducttoCart -->
      <class name="Scripts.ChangePassword">
        <test-method status="PASS" signature="openApp()[pri:0, instance:Scripts.ChangePassword@467aecef]" name="openApp" is-config="true" duration-ms="12172" started-at="2018-06-25T11:41:05Z" finished-at="2018-06-25T11:41:17Z">
          <reporter-output>
          </reporter-output>
        </test-method> <!-- openApp -->
        <test-method status="FAIL" signature="testingScript()[pri:0, instance:Scripts.ChangePassword@467aecef]" name="testingScript" duration-ms="16222" started-at="2018-06-25T11:41:17Z" finished-at="2018-06-25T11:41:34Z">
          <exception class="org.openqa.selenium.ElementNotVisibleException">
            <message>
              <![CDATA[element not visible
  (Session info: chrome=67.0.3396.87)
  (Driver info: chromedriver=2.39.562718 (9a2698cba08cf5a471a29d30c8b3e12becabb0e9),platform=Windows NT 10.0.17134 x86_64) (WARNING: The server did not provide any stacktrace information)
Command duration or timeout: 0 milliseconds
Build info: version: '3.12.0', revision: '7c6e0b3', time: '2018-05-08T15:15:08.936Z'
System info: host: 'DESKTOP-DMFOMA2', ip: '192.168.43.21', os.name: 'Windows 10', os.arch: 'amd64', os.version: '10.0', java.version: '1.8.0_161'
Driver info: org.openqa.selenium.chrome.ChromeDriver
Capabilities {acceptInsecureCerts: false, acceptSslCerts: false, applicationCacheEnabled: false, browserConnectionEnabled: false, browserName: chrome, chrome: {chromedriverVersion: 2.39.562718 (9a2698cba08cf5..., userDataDir: C:\Users\supreet\AppData\Lo...}, cssSelectorsEnabled: true, databaseEnabled: false, handlesAlerts: true, hasTouchScreen: false, javascriptEnabled: true, locationContextEnabled: true, mobileEmulationEnabled: false, nativeEvents: true, networkConnectionEnabled: false, pageLoadStrategy: normal, platform: XP, platformName: XP, rotatable: false, setWindowRect: true, takesHeapSnapshot: true, takesScreenshot: true, unexpectedAlertBehaviour: , unhandledPromptBehavior: , version: 67.0.3396.87, webStorageEnabled: true}
Session ID: 52e91b1fff22c69ce1d29424c7100599]]>
            </message>
            <full-stacktrace>
              <![CDATA[org.openqa.selenium.ElementNotVisibleException: element not visible
  (Session info: chrome=67.0.3396.87)
  (Driver info: chromedriver=2.39.562718 (9a2698cba08cf5a471a29d30c8b3e12becabb0e9),platform=Windows NT 10.0.17134 x86_64) (WARNING: The server did not provide any stacktrace information)
Command duration or timeout: 0 milliseconds
Build info: version: '3.12.0', revision: '7c6e0b3', time: '2018-05-08T15:15:08.936Z'
System info: host: 'DESKTOP-DMFOMA2', ip: '192.168.43.21', os.name: 'Windows 10', os.arch: 'amd64', os.version: '10.0', java.version: '1.8.0_161'
Driver info: org.openqa.selenium.chrome.ChromeDriver
Capabilities {acceptInsecureCerts: false, acceptSslCerts: false, applicationCacheEnabled: false, browserConnectionEnabled: false, browserName: chrome, chrome: {chromedriverVersion: 2.39.562718 (9a2698cba08cf5..., userDataDir: C:\Users\supreet\AppData\Lo...}, cssSelectorsEnabled: true, databaseEnabled: false, handlesAlerts: true, hasTouchScreen: false, javascriptEnabled: true, locationContextEnabled: true, mobileEmulationEnabled: false, nativeEvents: true, networkConnectionEnabled: false, pageLoadStrategy: normal, platform: XP, platformName: XP, rotatable: false, setWindowRect: true, takesHeapSnapshot: true, takesScreenshot: true, unexpectedAlertBehaviour: , unhandledPromptBehavior: , version: 67.0.3396.87, webStorageEnabled: true}
Session ID: 52e91b1fff22c69ce1d29424c7100599
at sun.reflect.NativeConstructorAccessorImpl.newInstance0(Native Method)
at sun.reflect.NativeConstructorAccessorImpl.newInstance(Unknown Source)
at sun.reflect.DelegatingConstructorAccessorImpl.newInstance(Unknown Source)
at java.lang.reflect.Constructor.newInstance(Unknown Source)
at org.openqa.selenium.remote.ErrorHandler.createThrowable(ErrorHandler.java:214)
at org.openqa.selenium.remote.ErrorHandler.throwIfResponseFailed(ErrorHandler.java:166)
at org.openqa.selenium.remote.http.JsonHttpResponseCodec.reconstructValue(JsonHttpResponseCodec.java:40)
at org.openqa.selenium.remote.http.AbstractHttpResponseCodec.decode(AbstractHttpResponseCodec.java:80)
at org.openqa.selenium.remote.http.AbstractHttpResponseCodec.decode(AbstractHttpResponseCodec.java:44)
at org.openqa.selenium.remote.HttpCommandExecutor.execute(HttpCommandExecutor.java:158)
at org.openqa.selenium.remote.service.DriverCommandExecutor.execute(DriverCommandExecutor.java:83)
at org.openqa.selenium.remote.RemoteWebDriver.execute(RemoteWebDriver.java:543)
at org.openqa.selenium.remote.RemoteWebElement.execute(RemoteWebElement.java:276)
at org.openqa.selenium.remote.RemoteWebElement.click(RemoteWebElement.java:83)
at sun.reflect.NativeMethodAccessorImpl.invoke0(Native Method)
at sun.reflect.NativeMethodAccessorImpl.invoke(Unknown Source)
at sun.reflect.DelegatingMethodAccessorImpl.invoke(Unknown Source)
at java.lang.reflect.Method.invoke(Unknown Source)
at org.openqa.selenium.support.pagefactory.internal.LocatingElementHandler.invoke(LocatingElementHandler.java:51)
at com.sun.proxy.$Proxy9.click(Unknown Source)
at POM.HomePage.accountClick(HomePage.java:77)
at Scripts.ChangePassword.testingScript(ChangePassword.java:26)
at sun.reflect.NativeMethodAccessorImpl.invoke0(Native Method)
at sun.reflect.NativeMethodAccessorImpl.invoke(Unknown Source)
at sun.reflect.DelegatingMethodAccessorImpl.invoke(Unknown Source)
at java.lang.reflect.Method.invoke(Unknown Source)
at org.testng.internal.MethodInvocationHelper.invokeMethod(MethodInvocationHelper.java:124)
at org.testng.internal.Invoker.invokeMethod(Invoker.java:580)
at org.testng.internal.Invoker.invokeTestMethod(Invoker.java:716)
at org.testng.internal.Invoker.invokeTestMethods(Invoker.java:988)
at org.testng.internal.TestMethodWorker.invokeTestMethods(TestMethodWorker.java:125)
at org.testng.internal.TestMethodWorker.run(TestMethodWorker.java:109)
at org.testng.TestRunner.privateRun(TestRunner.java:648)
at org.testng.TestRunner.run(TestRunner.java:505)
at org.testng.SuiteRunner.runTest(SuiteRunner.java:455)
at org.testng.SuiteRunner.runSequentially(SuiteRunner.java:450)
at org.testng.SuiteRunner.privateRun(SuiteRunner.java:415)
at org.testng.SuiteRunner.run(SuiteRunner.java:364)
at org.testng.SuiteRunnerWorker.runSuite(SuiteRunnerWorker.java:52)
at org.testng.SuiteRunnerWorker.run(SuiteRunnerWorker.java:84)
at org.testng.TestNG.runSuitesSequentially(TestNG.java:1208)
at org.testng.TestNG.runSuitesLocally(TestNG.java:1137)
at org.testng.TestNG.runSuites(TestNG.java:1049)
at org.testng.TestNG.run(TestNG.java:1017)
at org.testng.remote.AbstractRemoteTestNG.run(AbstractRemoteTestNG.java:114)
at org.testng.remote.RemoteTestNG.initAndRun(RemoteTestNG.java:251)
at org.testng.remote.RemoteTestNG.main(RemoteTestNG.java:77)
]]>
            </full-stacktrace>
          </exception> <!-- org.openqa.selenium.ElementNotVisibleException -->
          <reporter-output>
          </reporter-output>
        </test-method> <!-- testingScript -->
        <test-method status="PASS" signature="closeApp()[pri:0, instance:Scripts.ChangePassword@467aecef]" name="closeApp" is-config="true" duration-ms="2143" started-at="2018-06-25T11:41:34Z" finished-at="2018-06-25T11:41:36Z">
          <reporter-output>
          </reporter-output>
        </test-method> <!-- closeApp -->
      </class> <!-- Scripts.ChangePassword -->
      <class name="Scripts.RemoveProductfromCart">
        <test-method status="PASS" signature="openApp()[pri:0, instance:Scripts.RemoveProductfromCart@7e2d773b]" name="openApp" is-config="true" duration-ms="11219" started-at="2018-06-25T11:42:55Z" finished-at="2018-06-25T11:43:07Z">
          <reporter-output>
          </reporter-output>
        </test-method> <!-- openApp -->
        <test-method status="PASS" signature="testingScript()[pri:0, instance:Scripts.RemoveProductfromCart@7e2d773b]" name="testingScript" duration-ms="36106" started-at="2018-06-25T11:43:07Z" finished-at="2018-06-25T11:43:43Z">
          <reporter-output>
          </reporter-output>
        </test-method> <!-- testingScript -->
        <test-method status="PASS" signature="closeApp()[pri:0, instance:Scripts.RemoveProductfromCart@7e2d773b]" name="closeApp" is-config="true" duration-ms="382" started-at="2018-06-25T11:43:43Z" finished-at="2018-06-25T11:43:43Z">
          <reporter-output>
          </reporter-output>
        </test-method> <!-- closeApp -->
      </class> <!-- Scripts.RemoveProductfromCart -->
      <class name="Scripts.SharePinCode">
        <test-method status="PASS" signature="openApp()[pri:0, instance:Scripts.SharePinCode@4d50efb8]" name="openApp" is-config="true" duration-ms="13817" started-at="2018-06-25T11:41:36Z" finished-at="2018-06-25T11:41:50Z">
          <reporter-output>
          </reporter-output>
        </test-method> <!-- openApp -->
        <test-method status="PASS" signature="testingScript()[pri:0, instance:Scripts.SharePinCode@4d50efb8]" name="testingScript" duration-ms="63513" started-at="2018-06-25T11:41:50Z" finished-at="2018-06-25T11:42:53Z">
          <reporter-output>
          </reporter-output>
        </test-method> <!-- testingScript -->
        <test-method status="PASS" signature="closeApp()[pri:0, instance:Scripts.SharePinCode@4d50efb8]" name="closeApp" is-config="true" duration-ms="2353" started-at="2018-06-25T11:42:53Z" finished-at="2018-06-25T11:42:55Z">
          <reporter-output>
          </reporter-output>
        </test-method> <!-- closeApp -->
      </class> <!-- Scripts.SharePinCode -->
      <class name="Scripts.RemoveProductfromWishList">
        <test-method status="PASS" signature="openApp()[pri:0, instance:Scripts.RemoveProductfromWishList@2173f6d9]" name="openApp" is-config="true" duration-ms="13504" started-at="2018-06-25T11:43:43Z" finished-at="2018-06-25T11:43:57Z">
          <reporter-output>
          </reporter-output>
        </test-method> <!-- openApp -->
        <test-method status="PASS" signature="testingScripts()[pri:0, instance:Scripts.RemoveProductfromWishList@2173f6d9]" name="testingScripts" duration-ms="63567" started-at="2018-06-25T11:43:57Z" finished-at="2018-06-25T11:45:00Z">
          <reporter-output>
          </reporter-output>
        </test-method> <!-- testingScripts -->
        <test-method status="PASS" signature="closeApp()[pri:0, instance:Scripts.RemoveProductfromWishList@2173f6d9]" name="closeApp" is-config="true" duration-ms="2104" started-at="2018-06-25T11:45:00Z" finished-at="2018-06-25T11:45:02Z">
          <reporter-output>
          </reporter-output>
        </test-method> <!-- closeApp -->
      </class> <!-- Scripts.RemoveProductfromWishList -->
      <class name="Scripts.CheckNotification">
        <test-method status="PASS" signature="openApp()[pri:0, instance:Scripts.CheckNotification@307f6b8c]" name="openApp" is-config="true" duration-ms="11866" started-at="2018-06-25T11:45:02Z" finished-at="2018-06-25T11:45:14Z">
          <reporter-output>
          </reporter-output>
        </test-method> <!-- openApp -->
        <test-method status="PASS" signature="testingScript()[pri:0, instance:Scripts.CheckNotification@307f6b8c]" name="testingScript" duration-ms="36733" started-at="2018-06-25T11:45:14Z" finished-at="2018-06-25T11:45:51Z">
          <reporter-output>
          </reporter-output>
        </test-method> <!-- testingScript -->
        <test-method status="PASS" signature="closeApp()[pri:0, instance:Scripts.CheckNotification@307f6b8c]" name="closeApp" is-config="true" duration-ms="618" started-at="2018-06-25T11:45:51Z" finished-at="2018-06-25T11:45:52Z">
          <reporter-output>
          </reporter-output>
        </test-method> <!-- closeApp -->
      </class> <!-- Scripts.CheckNotification -->
      <class name="Scripts.CheckProductinWishlist">
        <test-method status="PASS" signature="openApp()[pri:0, instance:Scripts.CheckProductinWishlist@7a187f14]" name="openApp" is-config="true" duration-ms="9458" started-at="2018-06-25T11:45:52Z" finished-at="2018-06-25T11:46:01Z">
          <reporter-output>
          </reporter-output>
        </test-method> <!-- openApp -->
        <test-method status="PASS" signature="testingScript()[pri:0, instance:Scripts.CheckProductinWishlist@7a187f14]" name="testingScript" duration-ms="476" started-at="2018-06-25T11:46:01Z" finished-at="2018-06-25T11:46:01Z">
          <reporter-output>
          </reporter-output>
        </test-method> <!-- testingScript -->
        <test-method status="PASS" signature="closeApp()[pri:0, instance:Scripts.CheckProductinWishlist@7a187f14]" name="closeApp" is-config="true" duration-ms="2300" started-at="2018-06-25T11:46:01Z" finished-at="2018-06-25T11:46:04Z">
          <reporter-output>
          </reporter-output>
        </test-method> <!-- closeApp -->
      </class> <!-- Scripts.CheckProductinWishlist -->
      <class name="Scripts.AddProductWishlist">
        <test-method status="PASS" signature="openApp()[pri:0, instance:Scripts.AddProductWishlist@6f195bc3]" name="openApp" is-config="true" duration-ms="11732" started-at="2018-06-25T11:46:04Z" finished-at="2018-06-25T11:46:16Z">
          <reporter-output>
          </reporter-output>
        </test-method> <!-- openApp -->
        <test-method status="PASS" signature="testingScript()[pri:0, instance:Scripts.AddProductWishlist@6f195bc3]" name="testingScript" duration-ms="41751" started-at="2018-06-25T11:46:16Z" finished-at="2018-06-25T11:46:57Z">
          <reporter-output>
          </reporter-output>
        </test-method> <!-- testingScript -->
        <test-method status="PASS" signature="closeApp()[pri:0, instance:Scripts.AddProductWishlist@6f195bc3]" name="closeApp" is-config="true" duration-ms="62" started-at="2018-06-25T11:46:57Z" finished-at="2018-06-25T11:46:57Z">
          <reporter-output>
          </reporter-output>
        </test-method> <!-- closeApp -->
      </class> <!-- Scripts.AddProductWishlist -->
      <class name="Scripts.CheckProductInCart">
        <test-method status="PASS" signature="openApp()[pri:0, instance:Scripts.CheckProductInCart@51e2adc7]" name="openApp" is-config="true" duration-ms="17389" started-at="2018-06-25T11:46:57Z" finished-at="2018-06-25T11:47:15Z">
          <reporter-output>
          </reporter-output>
        </test-method> <!-- openApp -->
        <test-method status="PASS" signature="testingScript()[pri:0, instance:Scripts.CheckProductInCart@51e2adc7]" name="testingScript" duration-ms="1837" started-at="2018-06-25T11:47:15Z" finished-at="2018-06-25T11:47:17Z">
          <reporter-output>
          </reporter-output>
        </test-method> <!-- testingScript -->
        <test-method status="PASS" signature="closeApp()[pri:0, instance:Scripts.CheckProductInCart@51e2adc7]" name="closeApp" is-config="true" duration-ms="2186" started-at="2018-06-25T11:47:17Z" finished-at="2018-06-25T11:47:19Z">
          <reporter-output>
          </reporter-output>
        </test-method> <!-- closeApp -->
      </class> <!-- Scripts.CheckProductInCart -->
      <class name="Scripts.SearchProduct">
        <test-method status="PASS" signature="openApp()[pri:0, instance:Scripts.SearchProduct@1a8a8f7c]" name="openApp" is-config="true" duration-ms="13579" started-at="2018-06-25T11:47:19Z" finished-at="2018-06-25T11:47:32Z">
          <reporter-output>
          </reporter-output>
        </test-method> <!-- openApp -->
        <test-method status="FAIL" signature="testingScript()[pri:0, instance:Scripts.SearchProduct@1a8a8f7c]" name="testingScript" duration-ms="44831" started-at="2018-06-25T11:47:32Z" finished-at="2018-06-25T11:48:17Z">
          <exception class="org.openqa.selenium.ElementNotVisibleException">
            <message>
              <![CDATA[element not visible
  (Session info: chrome=67.0.3396.87)
  (Driver info: chromedriver=2.39.562718 (9a2698cba08cf5a471a29d30c8b3e12becabb0e9),platform=Windows NT 10.0.17134 x86_64) (WARNING: The server did not provide any stacktrace information)
Command duration or timeout: 0 milliseconds
Build info: version: '3.12.0', revision: '7c6e0b3', time: '2018-05-08T15:15:08.936Z'
System info: host: 'DESKTOP-DMFOMA2', ip: '192.168.43.21', os.name: 'Windows 10', os.arch: 'amd64', os.version: '10.0', java.version: '1.8.0_161'
Driver info: org.openqa.selenium.chrome.ChromeDriver
Capabilities {acceptInsecureCerts: false, acceptSslCerts: false, applicationCacheEnabled: false, browserConnectionEnabled: false, browserName: chrome, chrome: {chromedriverVersion: 2.39.562718 (9a2698cba08cf5..., userDataDir: C:\Users\supreet\AppData\Lo...}, cssSelectorsEnabled: true, databaseEnabled: false, handlesAlerts: true, hasTouchScreen: false, javascriptEnabled: true, locationContextEnabled: true, mobileEmulationEnabled: false, nativeEvents: true, networkConnectionEnabled: false, pageLoadStrategy: normal, platform: XP, platformName: XP, rotatable: false, setWindowRect: true, takesHeapSnapshot: true, takesScreenshot: true, unexpectedAlertBehaviour: , unhandledPromptBehavior: , version: 67.0.3396.87, webStorageEnabled: true}
Session ID: 29d6c87ffc36ebd62de9faeb4cd4e0c3]]>
            </message>
            <full-stacktrace>
              <![CDATA[org.openqa.selenium.ElementNotVisibleException: element not visible
  (Session info: chrome=67.0.3396.87)
  (Driver info: chromedriver=2.39.562718 (9a2698cba08cf5a471a29d30c8b3e12becabb0e9),platform=Windows NT 10.0.17134 x86_64) (WARNING: The server did not provide any stacktrace information)
Command duration or timeout: 0 milliseconds
Build info: version: '3.12.0', revision: '7c6e0b3', time: '2018-05-08T15:15:08.936Z'
System info: host: 'DESKTOP-DMFOMA2', ip: '192.168.43.21', os.name: 'Windows 10', os.arch: 'amd64', os.version: '10.0', java.version: '1.8.0_161'
Driver info: org.openqa.selenium.chrome.ChromeDriver
Capabilities {acceptInsecureCerts: false, acceptSslCerts: false, applicationCacheEnabled: false, browserConnectionEnabled: false, browserName: chrome, chrome: {chromedriverVersion: 2.39.562718 (9a2698cba08cf5..., userDataDir: C:\Users\supreet\AppData\Lo...}, cssSelectorsEnabled: true, databaseEnabled: false, handlesAlerts: true, hasTouchScreen: false, javascriptEnabled: true, locationContextEnabled: true, mobileEmulationEnabled: false, nativeEvents: true, networkConnectionEnabled: false, pageLoadStrategy: normal, platform: XP, platformName: XP, rotatable: false, setWindowRect: true, takesHeapSnapshot: true, takesScreenshot: true, unexpectedAlertBehaviour: , unhandledPromptBehavior: , version: 67.0.3396.87, webStorageEnabled: true}
Session ID: 29d6c87ffc36ebd62de9faeb4cd4e0c3
at sun.reflect.NativeConstructorAccessorImpl.newInstance0(Native Method)
at sun.reflect.NativeConstructorAccessorImpl.newInstance(Unknown Source)
at sun.reflect.DelegatingConstructorAccessorImpl.newInstance(Unknown Source)
at java.lang.reflect.Constructor.newInstance(Unknown Source)
at org.openqa.selenium.remote.ErrorHandler.createThrowable(ErrorHandler.java:214)
at org.openqa.selenium.remote.ErrorHandler.throwIfResponseFailed(ErrorHandler.java:166)
at org.openqa.selenium.remote.http.JsonHttpResponseCodec.reconstructValue(JsonHttpResponseCodec.java:40)
at org.openqa.selenium.remote.http.AbstractHttpResponseCodec.decode(AbstractHttpResponseCodec.java:80)
at org.openqa.selenium.remote.http.AbstractHttpResponseCodec.decode(AbstractHttpResponseCodec.java:44)
at org.openqa.selenium.remote.HttpCommandExecutor.execute(HttpCommandExecutor.java:158)
at org.openqa.selenium.remote.service.DriverCommandExecutor.execute(DriverCommandExecutor.java:83)
at org.openqa.selenium.remote.RemoteWebDriver.execute(RemoteWebDriver.java:543)
at org.openqa.selenium.remote.RemoteWebElement.execute(RemoteWebElement.java:276)
at org.openqa.selenium.remote.RemoteWebElement.click(RemoteWebElement.java:83)
at sun.reflect.GeneratedMethodAccessor1.invoke(Unknown Source)
at sun.reflect.DelegatingMethodAccessorImpl.invoke(Unknown Source)
at java.lang.reflect.Method.invoke(Unknown Source)
at org.openqa.selenium.support.pagefactory.internal.LocatingElementHandler.invoke(LocatingElementHandler.java:51)
at com.sun.proxy.$Proxy9.click(Unknown Source)
at POM.HomePage.accountClick(HomePage.java:77)
at Scripts.SearchProduct.testingScript(SearchProduct.java:33)
at sun.reflect.NativeMethodAccessorImpl.invoke0(Native Method)
at sun.reflect.NativeMethodAccessorImpl.invoke(Unknown Source)
at sun.reflect.DelegatingMethodAccessorImpl.invoke(Unknown Source)
at java.lang.reflect.Method.invoke(Unknown Source)
at org.testng.internal.MethodInvocationHelper.invokeMethod(MethodInvocationHelper.java:124)
at org.testng.internal.Invoker.invokeMethod(Invoker.java:580)
at org.testng.internal.Invoker.invokeTestMethod(Invoker.java:716)
at org.testng.internal.Invoker.invokeTestMethods(Invoker.java:988)
at org.testng.internal.TestMethodWorker.invokeTestMethods(TestMethodWorker.java:125)
at org.testng.internal.TestMethodWorker.run(TestMethodWorker.java:109)
at org.testng.TestRunner.privateRun(TestRunner.java:648)
at org.testng.TestRunner.run(TestRunner.java:505)
at org.testng.SuiteRunner.runTest(SuiteRunner.java:455)
at org.testng.SuiteRunner.runSequentially(SuiteRunner.java:450)
at org.testng.SuiteRunner.privateRun(SuiteRunner.java:415)
at org.testng.SuiteRunner.run(SuiteRunner.java:364)
at org.testng.SuiteRunnerWorker.runSuite(SuiteRunnerWorker.java:52)
at org.testng.SuiteRunnerWorker.run(SuiteRunnerWorker.java:84)
at org.testng.TestNG.runSuitesSequentially(TestNG.java:1208)
at org.testng.TestNG.runSuitesLocally(TestNG.java:1137)
at org.testng.TestNG.runSuites(TestNG.java:1049)
at org.testng.TestNG.run(TestNG.java:1017)
at org.testng.remote.AbstractRemoteTestNG.run(AbstractRemoteTestNG.java:114)
at org.testng.remote.RemoteTestNG.initAndRun(RemoteTestNG.java:251)
at org.testng.remote.RemoteTestNG.main(RemoteTestNG.java:77)
]]>
            </full-stacktrace>
          </exception> <!-- org.openqa.selenium.ElementNotVisibleException -->
          <reporter-output>
          </reporter-output>
        </test-method> <!-- testingScript -->
        <test-method status="PASS" signature="closeApp()[pri:0, instance:Scripts.SearchProduct@1a8a8f7c]" name="closeApp" is-config="true" duration-ms="2317" started-at="2018-06-25T11:48:17Z" finished-at="2018-06-25T11:48:19Z">
          <reporter-output>
          </reporter-output>
        </test-method> <!-- closeApp -->
      </class> <!-- Scripts.SearchProduct -->
    </test> <!-- Default test -->
  </suite> <!-- Default suite -->
</testng-results>
